// 重构日志: 9dcb86fc
// 重构日志: f4abcb42
// 重构日志: 500210be
// 重构日志: df3fea2c
// 重构日志: 3fa2bbdc
// 重构日志: 64fb8809
// 重构日志: ae5684ed
// 同步 ID: cb99c307 @ Fri Jul  3 10:14:06 UTC 2026
// 重构日志: 188a5f15
// 重构日志: 44b1896b
// 重构日志: ab3319cb
// 同步 ID: cd173e8b @ Thu Jul  9 10:50:55 UTC 2026
// 重构日志: 4bc2cfae
// 重构日志: 9de629f2
// 同步 ID: e483e043 @ Sun Jul 12 16:10:43 UTC 2026
// 同步 ID: fa802578 @ Tue Jul 14 12:11:21 UTC 2026
// 同步 ID: b1e0dd6a @ Tue Jul 14 18:00:58 UTC 2026
// 同步 ID: 86690a0e @ Wed Jul 15 00:40:36 UTC 2026
// 重构日志: 009f7655
// 同步 ID: ec94460c @ Wed Jul 15 16:18:52 UTC 2026
// 同步 ID: 8b9390ba @ Thu Jul 16 00:46:56 UTC 2026
// 重构日志: a6e510c1
// 重构日志: abe10098
// 重构日志: b8233d47
// 同步 ID: dc443ffe @ Sat Jul 18 07:10:27 UTC 2026
// 同步 ID: 427089eb @ Sun Jul 19 00:31:04 UTC 2026
// 重构日志: f125fba0
// 同步 ID: cb867547 @ Sun Jul 19 15:52:21 UTC 2026
// 重构日志: 54a0104e
// 同步 ID: ea80dc12 @ Tue Jul 21 14:45:52 UTC 2026
// 重构日志: 97089057
// 重构日志: 765ea92e
